This is pdfTeX, Version 3.141592653-2.6-1.40.23 (TeX Live 2021/W32TeX) (preloaded format=pdflatex 2021.11.1)  22 JAN 2022 19:26
entering extended mode
 restricted \write18 enabled.
 %&-line parsing enabled.
**intro.tex
(./intro.tex
LaTeX2e <2021-06-01> patch level 1
L3 programming layer <2021-10-18>
(c:/texlive/2021/texmf-dist/tex/latex/beamer/beamer.cls
Document Class: beamer 2021/10/18 v3.64 A class for typesetting presentations
(c:/texlive/2021/texmf-dist/tex/latex/beamer/beamerbasemodes.sty
(c:/texlive/2021/texmf-dist/tex/latex/etoolbox/etoolbox.sty
Package: etoolbox 2020/10/05 v2.5k e-TeX tools for LaTeX (JAW)
\etb@tempcnta=\count182
)
\beamer@tempbox=\box50
\beamer@tempcount=\count183
\c@beamerpauses=\count184

(c:/texlive/2021/texmf-dist/tex/latex/beamer/beamerbasedecode.sty
\beamer@slideinframe=\count185
\beamer@minimum=\count186
\beamer@decode@box=\box51
)
\beamer@commentbox=\box52
\beamer@modecount=\count187
)
(c:/texlive/2021/texmf-dist/tex/generic/iftex/ifpdf.sty
Package: ifpdf 2019/10/25 v3.4 ifpdf legacy package. Use iftex instead.

(c:/texlive/2021/texmf-dist/tex/generic/iftex/iftex.sty
Package: iftex 2020/03/06 v1.0d TeX engine tests
))
\headdp=\dimen138
\footheight=\dimen139
\sidebarheight=\dimen140
\beamer@tempdim=\dimen141
\beamer@finalheight=\dimen142
\beamer@animht=\dimen143
\beamer@animdp=\dimen144
\beamer@animwd=\dimen145
\beamer@leftmargin=\dimen146
\beamer@rightmargin=\dimen147
\beamer@leftsidebar=\dimen148
\beamer@rightsidebar=\dimen149
\beamer@boxsize=\dimen150
\beamer@vboxoffset=\dimen151
\beamer@descdefault=\dimen152
\beamer@descriptionwidth=\dimen153
\beamer@lastskip=\skip47
\beamer@areabox=\box53
\beamer@animcurrent=\box54
\beamer@animshowbox=\box55
\beamer@sectionbox=\box56
\beamer@logobox=\box57
\beamer@linebox=\box58
\beamer@sectioncount=\count188
\beamer@subsubsectionmax=\count189
\beamer@subsectionmax=\count190
\beamer@sectionmax=\count191
\beamer@totalheads=\count192
\beamer@headcounter=\count193
\beamer@partstartpage=\count194
\beamer@sectionstartpage=\count195
\beamer@subsectionstartpage=\count196
\beamer@animationtempa=\count197
\beamer@animationtempb=\count198
\beamer@xpos=\count199
\beamer@ypos=\count266
\beamer@ypos@offset=\count267
\beamer@showpartnumber=\count268
\beamer@currentsubsection=\count269
\beamer@coveringdepth=\count270
\beamer@sectionadjust=\count271
\beamer@toclastsection=\count272
\beamer@tocsectionnumber=\count273

(c:/texlive/2021/texmf-dist/tex/latex/beamer/beamerbaseoptions.sty
(c:/texlive/2021/texmf-dist/tex/latex/graphics/keyval.sty
Package: keyval 2014/10/28 v1.15 key=value parser (DPC)
\KV@toks@=\toks16
))
\beamer@paperwidth=\skip48
\beamer@paperheight=\skip49

(c:/texlive/2021/texmf-dist/tex/latex/geometry/geometry.sty
Package: geometry 2020/01/02 v5.9 Page Geometry

(c:/texlive/2021/texmf-dist/tex/generic/iftex/ifvtex.sty
Package: ifvtex 2019/10/25 v1.7 ifvtex legacy package. Use iftex instead.
)
\Gm@cnth=\count274
\Gm@cntv=\count275
\c@Gm@tempcnt=\count276
\Gm@bindingoffset=\dimen154
\Gm@wd@mp=\dimen155
\Gm@odd@mp=\dimen156
\Gm@even@mp=\dimen157
\Gm@layoutwidth=\dimen158
\Gm@layoutheight=\dimen159
\Gm@layouthoffset=\dimen160
\Gm@layoutvoffset=\dimen161
\Gm@dimlist=\toks17
)
(c:/texlive/2021/texmf-dist/tex/latex/base/size11.clo
File: size11.clo 2021/02/12 v1.4n Standard LaTeX file (size option)
)
(c:/texlive/2021/texmf-dist/tex/latex/pgf/basiclayer/pgfcore.sty
(c:/texlive/2021/texmf-dist/tex/latex/graphics/graphicx.sty
Package: graphicx 2020/12/05 v1.2c Enhanced LaTeX Graphics (DPC,SPQR)

(c:/texlive/2021/texmf-dist/tex/latex/graphics/graphics.sty
Package: graphics 2021/03/04 v1.4d Standard LaTeX Graphics (DPC,SPQR)

(c:/texlive/2021/texmf-dist/tex/latex/graphics/trig.sty
Package: trig 2016/01/03 v1.10 sin cos tan (DPC)
)
(c:/texlive/2021/texmf-dist/tex/latex/graphics-cfg/graphics.cfg
File: graphics.cfg 2016/06/04 v1.11 sample graphics configuration
)
Package graphics Info: Driver file: pdftex.def on input line 107.

(c:/texlive/2021/texmf-dist/tex/latex/graphics-def/pdftex.def
File: pdftex.def 2020/10/05 v1.2a Graphics/color driver for pdftex
))
\Gin@req@height=\dimen162
\Gin@req@width=\dimen163
)
(c:/texlive/2021/texmf-dist/tex/latex/pgf/systemlayer/pgfsys.sty
(c:/texlive/2021/texmf-dist/tex/latex/pgf/utilities/pgfrcs.sty
(c:/texlive/2021/texmf-dist/tex/generic/pgf/utilities/pgfutil-common.tex
\pgfutil@everybye=\toks18
\pgfutil@tempdima=\dimen164
\pgfutil@tempdimb=\dimen165

(c:/texlive/2021/texmf-dist/tex/generic/pgf/utilities/pgfutil-common-lists.tex)
) (c:/texlive/2021/texmf-dist/tex/generic/pgf/utilities/pgfutil-latex.def
\pgfutil@abb=\box59
)
(c:/texlive/2021/texmf-dist/tex/generic/pgf/utilities/pgfrcs.code.tex
(c:/texlive/2021/texmf-dist/tex/generic/pgf/pgf.revision.tex)
Package: pgfrcs 2021/05/15 v3.1.9a (3.1.9a)
))
(c:/texlive/2021/texmf-dist/tex/generic/pgf/systemlayer/pgfsys.code.tex
Package: pgfsys 2021/05/15 v3.1.9a (3.1.9a)

(c:/texlive/2021/texmf-dist/tex/generic/pgf/utilities/pgfkeys.code.tex
\pgfkeys@pathtoks=\toks19
\pgfkeys@temptoks=\toks20

(c:/texlive/2021/texmf-dist/tex/generic/pgf/utilities/pgfkeysfiltered.code.tex
\pgfkeys@tmptoks=\toks21
))
\pgf@x=\dimen166
\pgf@y=\dimen167
\pgf@xa=\dimen168
\pgf@ya=\dimen169
\pgf@xb=\dimen170
\pgf@yb=\dimen171
\pgf@xc=\dimen172
\pgf@yc=\dimen173
\pgf@xd=\dimen174
\pgf@yd=\dimen175
\w@pgf@writea=\write3
\r@pgf@reada=\read2
\c@pgf@counta=\count277
\c@pgf@countb=\count278
\c@pgf@countc=\count279
\c@pgf@countd=\count280
\t@pgf@toka=\toks22
\t@pgf@tokb=\toks23
\t@pgf@tokc=\toks24
\pgf@sys@id@count=\count281
 (c:/texlive/2021/texmf-dist/tex/generic/pgf/systemlayer/pgf.cfg
File: pgf.cfg 2021/05/15 v3.1.9a (3.1.9a)
)
Driver file for pgf: pgfsys-pdftex.def

(c:/texlive/2021/texmf-dist/tex/generic/pgf/systemlayer/pgfsys-pdftex.def
File: pgfsys-pdftex.def 2021/05/15 v3.1.9a (3.1.9a)

(c:/texlive/2021/texmf-dist/tex/generic/pgf/systemlayer/pgfsys-common-pdf.def
File: pgfsys-common-pdf.def 2021/05/15 v3.1.9a (3.1.9a)
)))
(c:/texlive/2021/texmf-dist/tex/generic/pgf/systemlayer/pgfsyssoftpath.code.tex
File: pgfsyssoftpath.code.tex 2021/05/15 v3.1.9a (3.1.9a)
\pgfsyssoftpath@smallbuffer@items=\count282
\pgfsyssoftpath@bigbuffer@items=\count283
)
(c:/texlive/2021/texmf-dist/tex/generic/pgf/systemlayer/pgfsysprotocol.code.tex
File: pgfsysprotocol.code.tex 2021/05/15 v3.1.9a (3.1.9a)
)) (c:/texlive/2021/texmf-dist/tex/latex/xcolor/xcolor.sty
Package: xcolor 2016/05/11 v2.12 LaTeX color extensions (UK)

(c:/texlive/2021/texmf-dist/tex/latex/graphics-cfg/color.cfg
File: color.cfg 2016/01/02 v1.6 sample color configuration
)
Package xcolor Info: Driver file: pdftex.def on input line 225.
Package xcolor Info: Model `cmy' substituted by `cmy0' on input line 1348.
Package xcolor Info: Model `hsb' substituted by `rgb' on input line 1352.
Package xcolor Info: Model `RGB' extended on input line 1364.
Package xcolor Info: Model `HTML' substituted by `rgb' on input line 1366.
Package xcolor Info: Model `Hsb' substituted by `hsb' on input line 1367.
Package xcolor Info: Model `tHsb' substituted by `hsb' on input line 1368.
Package xcolor Info: Model `HSB' substituted by `hsb' on input line 1369.
Package xcolor Info: Model `Gray' substituted by `gray' on input line 1370.
Package xcolor Info: Model `wave' substituted by `hsb' on input line 1371.
)
(c:/texlive/2021/texmf-dist/tex/generic/pgf/basiclayer/pgfcore.code.tex
Package: pgfcore 2021/05/15 v3.1.9a (3.1.9a)

(c:/texlive/2021/texmf-dist/tex/generic/pgf/math/pgfmath.code.tex
(c:/texlive/2021/texmf-dist/tex/generic/pgf/math/pgfmathcalc.code.tex
(c:/texlive/2021/texmf-dist/tex/generic/pgf/math/pgfmathutil.code.tex)
(c:/texlive/2021/texmf-dist/tex/generic/pgf/math/pgfmathparser.code.tex
\pgfmath@dimen=\dimen176
\pgfmath@count=\count284
\pgfmath@box=\box60
\pgfmath@toks=\toks25
\pgfmath@stack@operand=\toks26
\pgfmath@stack@operation=\toks27
)
(c:/texlive/2021/texmf-dist/tex/generic/pgf/math/pgfmathfunctions.code.tex
(c:/texlive/2021/texmf-dist/tex/generic/pgf/math/pgfmathfunctions.basic.code.te
x)
(c:/texlive/2021/texmf-dist/tex/generic/pgf/math/pgfmathfunctions.trigonometric
.code.tex)
(c:/texlive/2021/texmf-dist/tex/generic/pgf/math/pgfmathfunctions.random.code.t
ex)
(c:/texlive/2021/texmf-dist/tex/generic/pgf/math/pgfmathfunctions.comparison.co
de.tex)
(c:/texlive/2021/texmf-dist/tex/generic/pgf/math/pgfmathfunctions.base.code.tex
)
(c:/texlive/2021/texmf-dist/tex/generic/pgf/math/pgfmathfunctions.round.code.te
x)
(c:/texlive/2021/texmf-dist/tex/generic/pgf/math/pgfmathfunctions.misc.code.tex
)
(c:/texlive/2021/texmf-dist/tex/generic/pgf/math/pgfmathfunctions.integerarithm
etics.code.tex)))
(c:/texlive/2021/texmf-dist/tex/generic/pgf/math/pgfmathfloat.code.tex
\c@pgfmathroundto@lastzeros=\count285
))
(c:/texlive/2021/texmf-dist/tex/generic/pgf/math/pgfint.code.tex)
(c:/texlive/2021/texmf-dist/tex/generic/pgf/basiclayer/pgfcorepoints.code.tex
File: pgfcorepoints.code.tex 2021/05/15 v3.1.9a (3.1.9a)
\pgf@picminx=\dimen177
\pgf@picmaxx=\dimen178
\pgf@picminy=\dimen179
\pgf@picmaxy=\dimen180
\pgf@pathminx=\dimen181
\pgf@pathmaxx=\dimen182
\pgf@pathminy=\dimen183
\pgf@pathmaxy=\dimen184
\pgf@xx=\dimen185
\pgf@xy=\dimen186
\pgf@yx=\dimen187
\pgf@yy=\dimen188
\pgf@zx=\dimen189
\pgf@zy=\dimen190
)
(c:/texlive/2021/texmf-dist/tex/generic/pgf/basiclayer/pgfcorepathconstruct.cod
e.tex
File: pgfcorepathconstruct.code.tex 2021/05/15 v3.1.9a (3.1.9a)
\pgf@path@lastx=\dimen191
\pgf@path@lasty=\dimen192
)
(c:/texlive/2021/texmf-dist/tex/generic/pgf/basiclayer/pgfcorepathusage.code.te
x
File: pgfcorepathusage.code.tex 2021/05/15 v3.1.9a (3.1.9a)
\pgf@shorten@end@additional=\dimen193
\pgf@shorten@start@additional=\dimen194
)
(c:/texlive/2021/texmf-dist/tex/generic/pgf/basiclayer/pgfcorescopes.code.tex
File: pgfcorescopes.code.tex 2021/05/15 v3.1.9a (3.1.9a)
\pgfpic=\box61
\pgf@hbox=\box62
\pgf@layerbox@main=\box63
\pgf@picture@serial@count=\count286
)
(c:/texlive/2021/texmf-dist/tex/generic/pgf/basiclayer/pgfcoregraphicstate.code
.tex
File: pgfcoregraphicstate.code.tex 2021/05/15 v3.1.9a (3.1.9a)
\pgflinewidth=\dimen195
)
(c:/texlive/2021/texmf-dist/tex/generic/pgf/basiclayer/pgfcoretransformations.c
ode.tex
File: pgfcoretransformations.code.tex 2021/05/15 v3.1.9a (3.1.9a)
\pgf@pt@x=\dimen196
\pgf@pt@y=\dimen197
\pgf@pt@temp=\dimen198
)
(c:/texlive/2021/texmf-dist/tex/generic/pgf/basiclayer/pgfcorequick.code.tex
File: pgfcorequick.code.tex 2021/05/15 v3.1.9a (3.1.9a)
)
(c:/texlive/2021/texmf-dist/tex/generic/pgf/basiclayer/pgfcoreobjects.code.tex
File: pgfcoreobjects.code.tex 2021/05/15 v3.1.9a (3.1.9a)
)
(c:/texlive/2021/texmf-dist/tex/generic/pgf/basiclayer/pgfcorepathprocessing.co
de.tex
File: pgfcorepathprocessing.code.tex 2021/05/15 v3.1.9a (3.1.9a)
)
(c:/texlive/2021/texmf-dist/tex/generic/pgf/basiclayer/pgfcorearrows.code.tex
File: pgfcorearrows.code.tex 2021/05/15 v3.1.9a (3.1.9a)
\pgfarrowsep=\dimen199
)
(c:/texlive/2021/texmf-dist/tex/generic/pgf/basiclayer/pgfcoreshade.code.tex
File: pgfcoreshade.code.tex 2021/05/15 v3.1.9a (3.1.9a)
\pgf@max=\dimen256
\pgf@sys@shading@range@num=\count287
\pgf@shadingcount=\count288
)
(c:/texlive/2021/texmf-dist/tex/generic/pgf/basiclayer/pgfcoreimage.code.tex
File: pgfcoreimage.code.tex 2021/05/15 v3.1.9a (3.1.9a)

(c:/texlive/2021/texmf-dist/tex/generic/pgf/basiclayer/pgfcoreexternal.code.tex
File: pgfcoreexternal.code.tex 2021/05/15 v3.1.9a (3.1.9a)
\pgfexternal@startupbox=\box64
))
(c:/texlive/2021/texmf-dist/tex/generic/pgf/basiclayer/pgfcorelayers.code.tex
File: pgfcorelayers.code.tex 2021/05/15 v3.1.9a (3.1.9a)
)
(c:/texlive/2021/texmf-dist/tex/generic/pgf/basiclayer/pgfcoretransparency.code
.tex
File: pgfcoretransparency.code.tex 2021/05/15 v3.1.9a (3.1.9a)
)
(c:/texlive/2021/texmf-dist/tex/generic/pgf/basiclayer/pgfcorepatterns.code.tex
File: pgfcorepatterns.code.tex 2021/05/15 v3.1.9a (3.1.9a)
) (c:/texlive/2021/texmf-dist/tex/generic/pgf/basiclayer/pgfcorerdf.code.tex
File: pgfcorerdf.code.tex 2021/05/15 v3.1.9a (3.1.9a)
))) (c:/texlive/2021/texmf-dist/tex/latex/pgf/utilities/xxcolor.sty
Package: xxcolor 2003/10/24 ver 0.1
\XC@nummixins=\count289
\XC@countmixins=\count290
)
(c:/texlive/2021/texmf-dist/tex/latex/base/atbegshi-ltx.sty
Package: atbegshi-ltx 2021/01/10 v1.0c Emulation of the original atbegshi
package with kernel methods
)
(c:/texlive/2021/texmf-dist/tex/latex/hyperref/hyperref.sty
Package: hyperref 2021-06-07 v7.00m Hypertext links for LaTeX

(c:/texlive/2021/texmf-dist/tex/generic/ltxcmds/ltxcmds.sty
Package: ltxcmds 2020-05-10 v1.25 LaTeX kernel commands for general use (HO)
)
(c:/texlive/2021/texmf-dist/tex/generic/pdftexcmds/pdftexcmds.sty
Package: pdftexcmds 2020-06-27 v0.33 Utility functions of pdfTeX for LuaTeX (HO
)

(c:/texlive/2021/texmf-dist/tex/generic/infwarerr/infwarerr.sty
Package: infwarerr 2019/12/03 v1.5 Providing info/warning/error messages (HO)
)
Package pdftexcmds Info: \pdf@primitive is available.
Package pdftexcmds Info: \pdf@ifprimitive is available.
Package pdftexcmds Info: \pdfdraftmode found.
)
(c:/texlive/2021/texmf-dist/tex/generic/kvsetkeys/kvsetkeys.sty
Package: kvsetkeys 2019/12/15 v1.18 Key value parser (HO)
)
(c:/texlive/2021/texmf-dist/tex/generic/kvdefinekeys/kvdefinekeys.sty
Package: kvdefinekeys 2019-12-19 v1.6 Define keys (HO)
)
(c:/texlive/2021/texmf-dist/tex/generic/pdfescape/pdfescape.sty
Package: pdfescape 2019/12/09 v1.15 Implements pdfTeX's escape features (HO)
)
(c:/texlive/2021/texmf-dist/tex/latex/hycolor/hycolor.sty
Package: hycolor 2020-01-27 v1.10 Color options for hyperref/bookmark (HO)
)
(c:/texlive/2021/texmf-dist/tex/latex/letltxmacro/letltxmacro.sty
Package: letltxmacro 2019/12/03 v1.6 Let assignment for LaTeX macros (HO)
)
(c:/texlive/2021/texmf-dist/tex/latex/auxhook/auxhook.sty
Package: auxhook 2019-12-17 v1.6 Hooks for auxiliary files (HO)
)
(c:/texlive/2021/texmf-dist/tex/latex/kvoptions/kvoptions.sty
Package: kvoptions 2020-10-07 v3.14 Key value format for package options (HO)
)
\@linkdim=\dimen257
\Hy@linkcounter=\count291
\Hy@pagecounter=\count292

(c:/texlive/2021/texmf-dist/tex/latex/hyperref/pd1enc.def
File: pd1enc.def 2021-06-07 v7.00m Hyperref: PDFDocEncoding definition (HO)
Now handling font encoding PD1 ...
... no UTF-8 mapping file for font encoding PD1
)
(c:/texlive/2021/texmf-dist/tex/latex/hyperref/hyperref-langpatches.def
File: hyperref-langpatches.def 2021-06-07 v7.00m Hyperref: patches for babel la
nguages
)
(c:/texlive/2021/texmf-dist/tex/generic/intcalc/intcalc.sty
Package: intcalc 2019/12/15 v1.3 Expandable calculations with integers (HO)
)
(c:/texlive/2021/texmf-dist/tex/generic/etexcmds/etexcmds.sty
Package: etexcmds 2019/12/15 v1.7 Avoid name clashes with e-TeX commands (HO)
)
\Hy@SavedSpaceFactor=\count293

(c:/texlive/2021/texmf-dist/tex/latex/hyperref/puenc.def
File: puenc.def 2021-06-07 v7.00m Hyperref: PDF Unicode definition (HO)
Now handling font encoding PU ...
... no UTF-8 mapping file for font encoding PU
)
Package hyperref Info: Option `bookmarks' set `true' on input line 4073.
Package hyperref Info: Option `bookmarksopen' set `true' on input line 4073.
Package hyperref Info: Option `implicit' set `false' on input line 4073.
Package hyperref Info: Hyper figures OFF on input line 4192.
Package hyperref Info: Link nesting OFF on input line 4197.
Package hyperref Info: Hyper index ON on input line 4200.
Package hyperref Info: Plain pages OFF on input line 4207.
Package hyperref Info: Backreferencing OFF on input line 4212.
Package hyperref Info: Implicit mode OFF; no redefinition of LaTeX internals.
Package hyperref Info: Bookmarks ON on input line 4445.
\c@Hy@tempcnt=\count294

(c:/texlive/2021/texmf-dist/tex/latex/url/url.sty
\Urlmuskip=\muskip16
Package: url 2013/09/16  ver 3.4  Verb mode for urls, etc.
)
LaTeX Info: Redefining \url on input line 4804.
\XeTeXLinkMargin=\dimen258

(c:/texlive/2021/texmf-dist/tex/generic/bitset/bitset.sty
Package: bitset 2019/12/09 v1.3 Handle bit-vector datatype (HO)

(c:/texlive/2021/texmf-dist/tex/generic/bigintcalc/bigintcalc.sty
Package: bigintcalc 2019/12/15 v1.5 Expandable calculations on big integers (HO
)
))
\Fld@menulength=\count295
\Field@Width=\dimen259
\Fld@charsize=\dimen260
Package hyperref Info: Hyper figures OFF on input line 6076.
Package hyperref Info: Link nesting OFF on input line 6081.
Package hyperref Info: Hyper index ON on input line 6084.
Package hyperref Info: backreferencing OFF on input line 6091.
Package hyperref Info: Link coloring OFF on input line 6096.
Package hyperref Info: Link coloring with OCG OFF on input line 6101.
Package hyperref Info: PDF/A mode OFF on input line 6106.
LaTeX Info: Redefining \ref on input line 6146.
LaTeX Info: Redefining \pageref on input line 6150.
\Hy@abspage=\count296


Package hyperref Message: Stopped early.

)
Package hyperref Info: Driver (autodetected): hpdftex.
 (c:/texlive/2021/texmf-dist/tex/latex/hyperref/hpdftex.def
File: hpdftex.def 2021-06-07 v7.00m Hyperref driver for pdfTeX

(c:/texlive/2021/texmf-dist/tex/latex/base/atveryend-ltx.sty
Package: atveryend-ltx 2020/08/19 v1.0a Emulation of the original atvery packag
e
with kernel methods
)
\Fld@listcount=\count297
\c@bookmark@seq@number=\count298

(c:/texlive/2021/texmf-dist/tex/latex/rerunfilecheck/rerunfilecheck.sty
Package: rerunfilecheck 2019/12/05 v1.9 Rerun checks for auxiliary files (HO)

(c:/texlive/2021/texmf-dist/tex/generic/uniquecounter/uniquecounter.sty
Package: uniquecounter 2019/12/15 v1.4 Provide unlimited unique counter (HO)
)
Package uniquecounter Info: New unique counter `rerunfilecheck' on input line 2
86.
))
(c:/texlive/2021/texmf-dist/tex/latex/beamer/beamerbaserequires.sty
(c:/texlive/2021/texmf-dist/tex/latex/beamer/beamerbasecompatibility.sty)
(c:/texlive/2021/texmf-dist/tex/latex/beamer/beamerbasefont.sty
(c:/texlive/2021/texmf-dist/tex/latex/amsfonts/amssymb.sty
Package: amssymb 2013/01/14 v3.01 AMS font symbols

(c:/texlive/2021/texmf-dist/tex/latex/amsfonts/amsfonts.sty
Package: amsfonts 2013/01/14 v3.01 Basic AMSFonts support
\@emptytoks=\toks28
\symAMSa=\mathgroup4
\symAMSb=\mathgroup5
LaTeX Font Info:    Redeclaring math symbol \hbar on input line 98.
LaTeX Font Info:    Overwriting math alphabet `\mathfrak' in version `bold'
(Font)                  U/euf/m/n --> U/euf/b/n on input line 106.
))
(c:/texlive/2021/texmf-dist/tex/latex/sansmathaccent/sansmathaccent.sty
Package: sansmathaccent 2020/01/31

(c:/texlive/2021/texmf-dist/tex/latex/koma-script/scrlfile.sty
Package: scrlfile 2021/06/25 v3.34 KOMA-Script package (file load hooks)

(c:/texlive/2021/texmf-dist/tex/latex/koma-script/scrlfile-hook.sty
Package: scrlfile-hook 2021/06/25 v3.34 KOMA-Script package (using LaTeX hooks)


(c:/texlive/2021/texmf-dist/tex/latex/koma-script/scrlogo.sty
Package: scrlogo 2021/06/25 v3.34 KOMA-Script package (logo)
)))))
(c:/texlive/2021/texmf-dist/tex/latex/beamer/beamerbasetranslator.sty
(c:/texlive/2021/texmf-dist/tex/latex/translator/translator.sty
Package: translator 2021-05-31 v1.12d Easy translation of strings in LaTeX
))
(c:/texlive/2021/texmf-dist/tex/latex/beamer/beamerbasemisc.sty)
(c:/texlive/2021/texmf-dist/tex/latex/beamer/beamerbasetwoscreens.sty)
(c:/texlive/2021/texmf-dist/tex/latex/beamer/beamerbaseoverlay.sty
\beamer@argscount=\count299
\beamer@lastskipcover=\skip50
\beamer@trivlistdepth=\count300
)
(c:/texlive/2021/texmf-dist/tex/latex/beamer/beamerbasetitle.sty)
(c:/texlive/2021/texmf-dist/tex/latex/beamer/beamerbasesection.sty
\c@lecture=\count301
\c@part=\count302
\c@section=\count303
\c@subsection=\count304
\c@subsubsection=\count305
)
(c:/texlive/2021/texmf-dist/tex/latex/beamer/beamerbaseframe.sty
\beamer@framebox=\box65
\beamer@frametitlebox=\box66
\beamer@zoombox=\box67
\beamer@zoomcount=\count306
\beamer@zoomframecount=\count307
\beamer@frametextheight=\dimen261
\c@subsectionslide=\count308
\beamer@frametopskip=\skip51
\beamer@framebottomskip=\skip52
\beamer@frametopskipautobreak=\skip53
\beamer@framebottomskipautobreak=\skip54
\beamer@envbody=\toks29
\framewidth=\dimen262
\c@framenumber=\count309
)
(c:/texlive/2021/texmf-dist/tex/latex/beamer/beamerbaseverbatim.sty
\beamer@verbatimfileout=\write4
)
(c:/texlive/2021/texmf-dist/tex/latex/beamer/beamerbaseframesize.sty
\beamer@splitbox=\box68
\beamer@autobreakcount=\count310
\beamer@autobreaklastheight=\dimen263
\beamer@frametitletoks=\toks30
\beamer@framesubtitletoks=\toks31
)
(c:/texlive/2021/texmf-dist/tex/latex/beamer/beamerbaseframecomponents.sty
\beamer@footins=\box69
)
(c:/texlive/2021/texmf-dist/tex/latex/beamer/beamerbasecolor.sty)
(c:/texlive/2021/texmf-dist/tex/latex/beamer/beamerbasenotes.sty
\beamer@frameboxcopy=\box70
)
(c:/texlive/2021/texmf-dist/tex/latex/beamer/beamerbasetoc.sty)
(c:/texlive/2021/texmf-dist/tex/latex/beamer/beamerbasetemplates.sty
\beamer@sbttoks=\toks32

(c:/texlive/2021/texmf-dist/tex/latex/beamer/beamerbaseauxtemplates.sty
(c:/texlive/2021/texmf-dist/tex/latex/beamer/beamerbaseboxes.sty
\bmb@box=\box71
\bmb@colorbox=\box72
\bmb@boxwidth=\dimen264
\bmb@boxheight=\dimen265
\bmb@prevheight=\dimen266
\bmb@temp=\dimen267
\bmb@dima=\dimen268
\bmb@dimb=\dimen269
\bmb@prevheight=\dimen270
)
\beamer@blockheadheight=\dimen271
))
(c:/texlive/2021/texmf-dist/tex/latex/beamer/beamerbaselocalstructure.sty
(c:/texlive/2021/texmf-dist/tex/latex/tools/enumerate.sty
Package: enumerate 2015/07/23 v3.00 enumerate extensions (DPC)
\@enLab=\toks33
)
\beamer@bibiconwidth=\skip55
\c@figure=\count311
\c@table=\count312
\abovecaptionskip=\skip56
\belowcaptionskip=\skip57
)
(c:/texlive/2021/texmf-dist/tex/latex/beamer/beamerbasenavigation.sty
\beamer@section@min@dim=\dimen272
)
(c:/texlive/2021/texmf-dist/tex/latex/beamer/beamerbasetheorems.sty
(c:/texlive/2021/texmf-dist/tex/latex/amsmath/amsmath.sty
Package: amsmath 2021/04/20 v2.17j AMS math features
\@mathmargin=\skip58

For additional information on amsmath, use the `?' option.
(c:/texlive/2021/texmf-dist/tex/latex/amsmath/amstext.sty
Package: amstext 2000/06/29 v2.01 AMS text

(c:/texlive/2021/texmf-dist/tex/latex/amsmath/amsgen.sty
File: amsgen.sty 1999/11/30 v2.0 generic functions
\@emptytoks=\toks34
\ex@=\dimen273
))
(c:/texlive/2021/texmf-dist/tex/latex/amsmath/amsbsy.sty
Package: amsbsy 1999/11/29 v1.2d Bold Symbols
\pmbraise@=\dimen274
)
(c:/texlive/2021/texmf-dist/tex/latex/amsmath/amsopn.sty
Package: amsopn 2016/03/08 v2.02 operator names
)
\inf@bad=\count313
LaTeX Info: Redefining \frac on input line 234.
\uproot@=\count314
\leftroot@=\count315
LaTeX Info: Redefining \overline on input line 399.
\classnum@=\count316
\DOTSCASE@=\count317
LaTeX Info: Redefining \ldots on input line 496.
LaTeX Info: Redefining \dots on input line 499.
LaTeX Info: Redefining \cdots on input line 620.
\Mathstrutbox@=\box73
\strutbox@=\box74
\big@size=\dimen275
LaTeX Font Info:    Redeclaring font encoding OML on input line 743.
LaTeX Font Info:    Redeclaring font encoding OMS on input line 744.
\macc@depth=\count318
\c@MaxMatrixCols=\count319
\dotsspace@=\muskip17
\c@parentequation=\count320
\dspbrk@lvl=\count321
\tag@help=\toks35
\row@=\count322
\column@=\count323
\maxfields@=\count324
\andhelp@=\toks36
\eqnshift@=\dimen276
\alignsep@=\dimen277
\tagshift@=\dimen278
\tagwidth@=\dimen279
\totwidth@=\dimen280
\lineht@=\dimen281
\@envbody=\toks37
\multlinegap=\skip59
\multlinetaggap=\skip60
\mathdisplay@stack=\toks38
LaTeX Info: Redefining \[ on input line 2923.
LaTeX Info: Redefining \] on input line 2924.
)
(c:/texlive/2021/texmf-dist/tex/latex/amscls/amsthm.sty
Package: amsthm 2020/05/29 v2.20.6
\thm@style=\toks39
\thm@bodyfont=\toks40
\thm@headfont=\toks41
\thm@notefont=\toks42
\thm@headpunct=\toks43
\thm@preskip=\skip61
\thm@postskip=\skip62
\thm@headsep=\skip63
\dth@everypar=\toks44
)
\c@theorem=\count325
)
(c:/texlive/2021/texmf-dist/tex/latex/beamer/beamerbasethemes.sty))
(c:/texlive/2021/texmf-dist/tex/latex/beamer/beamerthemedefault.sty
(c:/texlive/2021/texmf-dist/tex/latex/beamer/beamerfontthemedefault.sty)
(c:/texlive/2021/texmf-dist/tex/latex/beamer/beamercolorthemedefault.sty)
(c:/texlive/2021/texmf-dist/tex/latex/beamer/beamerinnerthemedefault.sty
\beamer@dima=\dimen282
\beamer@dimb=\dimen283
)
(c:/texlive/2021/texmf-dist/tex/latex/beamer/beamerouterthemedefault.sty)))
(c:/texlive/2021/texmf-dist/tex/latex/framed/framed.sty
Package: framed 2011/10/22 v 0.96: framed or shaded text with page breaks
\OuterFrameSep=\skip64
\fb@frw=\dimen284
\fb@frh=\dimen285
\FrameRule=\dimen286
\FrameSep=\dimen287
)
(c:/texlive/2021/texmf-dist/tex/latex/base/alltt.sty
Package: alltt 2021/01/29 v2.0g defines alltt environment
)
(c:/texlive/texmf-local/tex/latex/beamer/themes/Utrecht/beamerthemeUtrecht.sty
(c:/texlive/texmf-local/tex/latex/beamer/themes/Utrecht/beamerinnerthemeuufancy
.sty
\beamer@uufancy@lineup=\skip65
\beamer@uufancy@linemid=\skip66
\beamer@uufancy@linebottom=\skip67
\beamer@uufancy@normalmargin=\skip68
)
(c:/texlive/texmf-local/tex/latex/beamer/themes/Utrecht/beamerouterthemeuulines
.sty
\beamer@uulines@lineup=\skip69
\beamer@uulines@linemid=\skip70
\beamer@uulines@linebottom=\skip71
\beamer@uulines@watermarkheightbottom=\skip72
\beamer@uulines@watermarkheightupperorig=\skip73
)
(c:/texlive/texmf-local/tex/latex/beamer/themes/Utrecht/beamercolorthemeuu.sty)
(c:/texlive/2021/texmf-dist/tex/latex/opensans/opensans.sty
Package: opensans 2019/06/20 Style file for Open Sans.

(c:/texlive/2021/texmf-dist/tex/latex/fontaxes/fontaxes.sty
Package: fontaxes 2020/07/21 v1.0e Font selection axes
LaTeX Info: Redefining \upshape on input line 29.
LaTeX Info: Redefining \itshape on input line 31.
LaTeX Info: Redefining \slshape on input line 33.
LaTeX Info: Redefining \swshape on input line 35.
LaTeX Info: Redefining \scshape on input line 37.
LaTeX Info: Redefining \sscshape on input line 39.
LaTeX Info: Redefining \ulcshape on input line 41.
LaTeX Info: Redefining \textsw on input line 47.
LaTeX Info: Redefining \textssc on input line 48.
LaTeX Info: Redefining \textulc on input line 49.
)
(c:/texlive/2021/texmf-dist/tex/generic/iftex/ifluatex.sty
Package: ifluatex 2019/10/25 v1.5 ifluatex legacy package. Use iftex instead.
)
(c:/texlive/2021/texmf-dist/tex/generic/iftex/ifxetex.sty
Package: ifxetex 2019/10/25 v0.7 ifxetex legacy package. Use iftex instead.
)
(c:/texlive/2021/texmf-dist/tex/latex/xkeyval/xkeyval.sty
Package: xkeyval 2020/11/20 v2.8 package option processing (HA)

(c:/texlive/2021/texmf-dist/tex/generic/xkeyval/xkeyval.tex
(c:/texlive/2021/texmf-dist/tex/generic/xkeyval/xkvutils.tex
\XKV@toks=\toks45
\XKV@tempa@toks=\toks46
)
\XKV@depth=\count326
File: xkeyval.tex 2014/12/03 v2.7a key=value parser (HA)
)))
(c:/texlive/2021/texmf-dist/tex/latex/merriweather/merriweather.sty
Package: merriweather 2020/09/12 (Bob Tennent) Supports Merriweather(Sans) font
s for all LaTeX engines. 

(c:/texlive/2021/texmf-dist/tex/latex/base/textcomp.sty
Package: textcomp 2020/02/02 v2.0n Standard LaTeX package
)
(c:/texlive/2021/texmf-dist/tex/latex/base/fontenc.sty
Package: fontenc 2021/04/29 v2.0v Standard LaTeX package
LaTeX Font Info:    Trying to load font information for OT1+opensans-TLF on inp
ut line 112.

(c:/texlive/2021/texmf-dist/tex/latex/opensans/OT1opensans-TLF.fd
File: OT1opensans-TLF.fd 2019/06/24 Font definitions for OT1/opensans-TLF.
)
LaTeX Font Info:    Font shape `OT1/opensans-TLF/m/n' will be
(Font)              scaled to size 10.40245pt on input line 112.
))
(c:/texlive/2021/texmf-dist/tex/latex/beamer/beamerfontthemeserif.sty))
(c:/texlive/2021/texmf-dist/tex/latex/apacite/apacite.sty
Package: apacite 2013/07/21 v6.03 APA citation
\c@BibCnt=\count327
\bibleftmargin=\skip74
\bibindent=\skip75
\bibparsep=\skip76
\bibitemsep=\skip77
\biblabelsep=\skip78
)
(c:/texlive/2021/texmf-dist/tex/latex/natbib/natbib.sty
Package: natbib 2010/09/13 8.31b (PWD, AO)
\bibhang=\skip79
\bibsep=\skip80
LaTeX Info: Redefining \cite on input line 694.
\c@NAT@ctr=\count328
)
LaTeX Info: Redefining \BBA on input line 61.

(c:/texlive/2021/texmf-dist/tex/latex/newtx/newtxmath.sty
Package: newtxmath 2021/10/21 v1.659

`newtxmath' v1.659, 2021/10/21 Math macros based originally on txfonts (msharpe
) (c:/texlive/2021/texmf-dist/tex/latex/base/ifthen.sty
Package: ifthen 2020/11/24 v1.1c Standard LaTeX ifthen package (DPC)
)
(c:/texlive/2021/texmf-dist/tex/latex/oberdiek/centernot.sty
Package: centernot 2016/05/16 v1.4 Centers the not symbol horizontally (HO)
)
\tx@cntz=\count329

(c:/texlive/2021/texmf-dist/tex/generic/kastrup/binhex.tex)
\tx@Isdigit=\count330
\tx@IsAlNum=\count331
\tx@tA=\toks47
\tx@tB=\toks48
\tx@su=\read3
LaTeX Font Info:    Redeclaring symbol font `operators' on input line 362.
LaTeX Font Info:    Overwriting symbol font `operators' in version `normal'
(Font)                  OT1/cmr/m/n --> OT1/Merriwthr-OsF/m/n on input line 362
.
LaTeX Font Info:    Overwriting symbol font `operators' in version `bold'
(Font)                  OT1/cmr/bx/n --> OT1/Merriwthr-OsF/m/n on input line 36
2.
LaTeX Font Info:    Overwriting symbol font `operators' in version `bold'
(Font)                  OT1/Merriwthr-OsF/m/n --> OT1/Merriwthr-OsF/sb/n on inp
ut line 363.
LaTeX Font Info:    Redeclaring math alphabet \mathsf on input line 371.
LaTeX Font Info:    Overwriting math alphabet `\mathsf' in version `normal'
(Font)                  OT1/cmss/m/n --> OT1/opensans-TLF/m/n on input line 371
.
LaTeX Font Info:    Overwriting math alphabet `\mathsf' in version `bold'
(Font)                  OT1/cmss/bx/n --> OT1/opensans-TLF/m/n on input line 37
1.
LaTeX Font Info:    Redeclaring math alphabet \mathit on input line 372.
LaTeX Font Info:    Overwriting math alphabet `\mathit' in version `normal'
(Font)                  OT1/cmr/m/it --> OT1/Merriwthr-OsF/m/it on input line 3
72.
LaTeX Font Info:    Overwriting math alphabet `\mathit' in version `bold'
(Font)                  OT1/cmr/bx/it --> OT1/Merriwthr-OsF/m/it on input line 
372.
LaTeX Font Info:    Redeclaring math alphabet \mathtt on input line 373.
LaTeX Font Info:    Overwriting math alphabet `\mathtt' in version `normal'
(Font)                  OT1/cmtt/m/n --> OT1/cmtt/m/n on input line 373.
LaTeX Font Info:    Overwriting math alphabet `\mathtt' in version `bold'
(Font)                  OT1/cmtt/m/n --> OT1/cmtt/m/n on input line 373.
LaTeX Font Info:    Redeclaring math alphabet \mathbf on input line 375.
LaTeX Font Info:    Overwriting math alphabet `\mathbf' in version `normal'
(Font)                  OT1/cmr/bx/n --> OT1/Merriwthr-OsF/sb/n on input line 3
75.
LaTeX Font Info:    Overwriting math alphabet `\mathbf' in version `bold'
(Font)                  OT1/cmr/bx/n --> OT1/Merriwthr-OsF/sb/n on input line 3
75.
LaTeX Font Info:    Overwriting math alphabet `\mathit' in version `bold'
(Font)                  OT1/Merriwthr-OsF/m/it --> OT1/Merriwthr-OsF/sb/it on i
nput line 376.
LaTeX Font Info:    Overwriting math alphabet `\mathsf' in version `bold'
(Font)                  OT1/opensans-TLF/m/n --> OT1/opensans-TLF/b/n on input 
line 377.
LaTeX Font Info:    Overwriting math alphabet `\mathtt' in version `bold'
(Font)                  OT1/cmtt/m/n --> OT1/cmtt/b/n on input line 378.
LaTeX Font Info:    Redeclaring symbol font `letters' on input line 395.
LaTeX Font Info:    Overwriting symbol font `letters' in version `normal'
(Font)                  OML/cmm/m/it --> OML/nxlmi/m/it on input line 395.
LaTeX Font Info:    Overwriting symbol font `letters' in version `bold'
(Font)                  OML/cmm/b/it --> OML/nxlmi/m/it on input line 395.
LaTeX Font Info:    Overwriting symbol font `letters' in version `bold'
(Font)                  OML/nxlmi/m/it --> OML/nxlmi/b/it on input line 396.
\symlettersA=\mathgroup6
LaTeX Font Info:    Overwriting symbol font `lettersA' in version `bold'
(Font)                  U/ntxmia/m/it --> U/ntxmia/b/it on input line 535.
LaTeX Font Info:    Redeclaring math alphabet \mathfrak on input line 537.
Now handling font encoding LMS ...
... no UTF-8 mapping file for font encoding LMS
LaTeX Font Info:    Redeclaring symbol font `symbols' on input line 556.
LaTeX Font Info:    Encoding `OMS' has changed to `LMS' for symbol font
(Font)              `symbols' in the math version `normal' on input line 556.
LaTeX Font Info:    Overwriting symbol font `symbols' in version `normal'
(Font)                  OMS/cmsy/m/n --> LMS/ntxsy/m/n on input line 556.
LaTeX Font Info:    Encoding `OMS' has changed to `LMS' for symbol font
(Font)              `symbols' in the math version `bold' on input line 556.
LaTeX Font Info:    Overwriting symbol font `symbols' in version `bold'
(Font)                  OMS/cmsy/b/n --> LMS/ntxsy/m/n on input line 556.
LaTeX Font Info:    Overwriting symbol font `symbols' in version `bold'
(Font)                  LMS/ntxsy/m/n --> LMS/ntxsy/b/n on input line 557.
\symAMSm=\mathgroup7
LaTeX Font Info:    Overwriting symbol font `AMSm' in version `bold'
(Font)                  U/ntxsym/m/n --> U/ntxsym/b/n on input line 582.
\symsymbolsC=\mathgroup8
LaTeX Font Info:    Overwriting symbol font `symbolsC' in version `bold'
(Font)                  U/ntxsyc/m/n --> U/ntxsyc/b/n on input line 603.
Now handling font encoding LMX ...
... no UTF-8 mapping file for font encoding LMX
LaTeX Font Info:    Redeclaring symbol font `largesymbols' on input line 616.
LaTeX Font Info:    Encoding `OMX' has changed to `LMX' for symbol font
(Font)              `largesymbols' in the math version `normal' on input line 6
16.
LaTeX Font Info:    Overwriting symbol font `largesymbols' in version `normal'
(Font)                  OMX/cmex/m/n --> LMX/ntxexx/m/n on input line 616.
LaTeX Font Info:    Encoding `OMX' has changed to `LMX' for symbol font
(Font)              `largesymbols' in the math version `bold' on input line 616
.
LaTeX Font Info:    Overwriting symbol font `largesymbols' in version `bold'
(Font)                  OMX/cmex/m/n --> LMX/ntxexx/m/n on input line 616.
LaTeX Font Info:    Overwriting symbol font `largesymbols' in version `bold'
(Font)                  LMX/ntxexx/m/n --> LMX/ntxexx/b/n on input line 617.
\symlargesymbolsTXA=\mathgroup9
LaTeX Font Info:    Overwriting symbol font `largesymbolsTXA' in version `bold'

(Font)                  U/ntxexa/m/n --> U/ntxexa/b/n on input line 631.
\tx@sbptoks=\toks49
LaTeX Font Info:    Redeclaring math delimiter \lfloor on input line 854.
LaTeX Font Info:    Redeclaring math delimiter \rfloor on input line 855.
LaTeX Font Info:    Redeclaring math delimiter \lceil on input line 856.
LaTeX Font Info:    Redeclaring math delimiter \rceil on input line 857.
LaTeX Font Info:    Redeclaring math delimiter \lbrace on input line 858.
LaTeX Font Info:    Redeclaring math delimiter \rbrace on input line 859.
LaTeX Font Info:    Redeclaring math delimiter \langle on input line 860.
LaTeX Font Info:    Redeclaring math delimiter \rangle on input line 862.
LaTeX Font Info:    Redeclaring math delimiter \arrowvert on input line 866.
LaTeX Font Info:    Redeclaring math delimiter \vert on input line 867.
LaTeX Font Info:    Redeclaring math accent \dot on input line 938.
LaTeX Font Info:    Redeclaring math accent \ddot on input line 939.
LaTeX Font Info:    Redeclaring math accent \vec on input line 2008.
LaTeX Info: Redefining \Bbbk on input line 2798.
LaTeX Info: Redefining \not on input line 2947.
LaTeX Info: Redefining \textsquare on input line 2977.
LaTeX Info: Redefining \openbox on input line 2979.
)
(c:/texlive/2021/texmf-dist/tex/latex/fancybox/fancybox.sty
Package: fancybox 2010/05/15 1.4

Style option: `fancybox' v1.4 <2010/05/15> (tvz)
\@fancybox=\box75
\shadowsize=\dimen288
\@Sbox=\box76
\do@VerbBox=\toks50
\the@fancyput=\toks51
\this@fancyput=\toks52
\EndVerbatimTokens=\toks53
\Verbatim@Outfile=\write5
\Verbatim@Infile=\read4
) (c:/texlive/2021/texmf-dist/tex/latex/booktabs/booktabs.sty
Package: booktabs 2020/01/12 v1.61803398 Publication quality tables
\heavyrulewidth=\dimen289
\lightrulewidth=\dimen290
\cmidrulewidth=\dimen291
\belowrulesep=\dimen292
\belowbottomsep=\dimen293
\aboverulesep=\dimen294
\abovetopsep=\dimen295
\cmidrulesep=\dimen296
\cmidrulekern=\dimen297
\defaultaddspace=\dimen298
\@cmidla=\count332
\@cmidlb=\count333
\@aboverulesep=\dimen299
\@belowrulesep=\dimen300
\@thisruleclass=\count334
\@lastruleclass=\count335
\@thisrulewidth=\dimen301
)
(c:/texlive/2021/texmf-dist/tex/latex/eurosym/eurosym.sty
Package: eurosym 1998/08/06 v1.1 European currency symbol ``Euro''
\@eurobox=\box77
)
(c:/texlive/2021/texmf-dist/tex/latex/caption/caption.sty
Package: caption 2020/10/26 v3.5g Customizing captions (AR)

(c:/texlive/2021/texmf-dist/tex/latex/caption/caption3.sty
Package: caption3 2020/10/21 v2.2e caption3 kernel (AR)
\captionmargin=\dimen302
\captionmargin@=\dimen303
\captionwidth=\dimen304
\caption@tempdima=\dimen305
\caption@indent=\dimen306
\caption@parindent=\dimen307
\caption@hangindent=\dimen308
Package caption Info: beamer document class detected.

(c:/texlive/2021/texmf-dist/tex/latex/caption/caption-beamer.sto
File: caption-beamer.sto 2020/08/22 v2.0 Adaption of the caption package to the
 beamer document classes (AR)
))
\c@caption@flags=\count336
\c@continuedfloat=\count337
Package caption Info: hyperref package is loaded.
Package caption Info: Hyperref support is turned off
(caption)             because hyperref has stopped early.
)
(c:/texlive/2021/texmf-dist/tex/latex/upquote/upquote.sty
Package: upquote 2012/04/19 v1.3 upright-quote and grave-accent glyphs in verba
tim
)
(c:/texlive/2021/texmf-dist/tex/latex/l3backend/l3backend-pdftex.def
File: l3backend-pdftex.def 2021-10-18 L3 backend support: PDF output (pdfTeX)
\l__color_backend_stack_int=\count338
\l__pdf_internal_box=\box78
)
(./intro.aux)
\openout1 = `intro.aux'.

LaTeX Font Info:    Checking defaults for OML/nxlmi/m/it on input line 81.
LaTeX Font Info:    Trying to load font information for OML+nxlmi on input line
 81.
 (c:/texlive/2021/texmf-dist/tex/latex/newtx/omlnxlmi.fd
File: omlnxlmi.fd 2013/11/19 Fontinst v1.933 font definitions for OML/nxlmi.
)
LaTeX Font Info:    ... okay on input line 81.
LaTeX Font Info:    Checking defaults for OMS/cmsy/m/n on input line 81.
LaTeX Font Info:    ... okay on input line 81.
LaTeX Font Info:    Checking defaults for OT1/cmr/m/n on input line 81.
LaTeX Font Info:    ... okay on input line 81.
LaTeX Font Info:    Checking defaults for T1/cmr/m/n on input line 81.
LaTeX Font Info:    ... okay on input line 81.
LaTeX Font Info:    Checking defaults for TS1/cmr/m/n on input line 81.
LaTeX Font Info:    ... okay on input line 81.
LaTeX Font Info:    Checking defaults for OMX/cmex/m/n on input line 81.
LaTeX Font Info:    ... okay on input line 81.
LaTeX Font Info:    Checking defaults for U/ntxexa/m/n on input line 81.
LaTeX Font Info:    Trying to load font information for U+ntxexa on input line 
81.

(c:/texlive/2021/texmf-dist/tex/latex/newtx/untxexa.fd
File: untxexa.fd 2012/04/16 Fontinst v1.933 font definitions for U/ntxexa.
)
LaTeX Font Info:    ... okay on input line 81.
LaTeX Font Info:    Checking defaults for PD1/pdf/m/n on input line 81.
LaTeX Font Info:    ... okay on input line 81.
LaTeX Font Info:    Checking defaults for PU/pdf/m/n on input line 81.
LaTeX Font Info:    ... okay on input line 81.
LaTeX Font Info:    Checking defaults for LMS/ntxsy/m/n on input line 81.
LaTeX Font Info:    Trying to load font information for LMS+ntxsy on input line
 81.

(c:/texlive/2021/texmf-dist/tex/latex/newtx/lmsntxsy.fd
File: lmsntxsy.fd 2016/07/02 Fontinst v1.933 font definitions for LMS/ntxsy.
)
LaTeX Font Info:    ... okay on input line 81.
LaTeX Font Info:    Checking defaults for LMX/ntxexx/m/n on input line 81.
LaTeX Font Info:    Trying to load font information for LMX+ntxexx on input lin
e 81.

(c:/texlive/2021/texmf-dist/tex/latex/newtx/lmxntxexx.fd
File: lmxntxexx.fd 2016/07/03 Fontinst v1.933 font definitions for LMX/ntxexx.
)
LaTeX Font Info:    ... okay on input line 81.

*geometry* driver: auto-detecting
*geometry* detected driver: pdftex
*geometry* verbose mode - [ preamble ] result:
* driver: pdftex
* paper: custom
* layout: <same size as paper>
* layoutoffset:(h,v)=(0.0pt,0.0pt)
* modes: includehead includefoot 
* h-part:(L,W,R)=(21.85083pt, 320.4937pt, 21.85083pt)
* v-part:(T,H,B)=(0.0pt, 273.14662pt, 0.0pt)
* \paperwidth=364.19536pt
* \paperheight=273.14662pt
* \textwidth=320.4937pt
* \textheight=244.6939pt
* \oddsidemargin=-50.41916pt
* \evensidemargin=-50.41916pt
* \topmargin=-72.26999pt
* \headheight=14.22636pt
* \headsep=0.0pt
* \topskip=11.0pt
* \footskip=14.22636pt
* \marginparwidth=4.0pt
* \marginparsep=10.0pt
* \columnsep=10.0pt
* \skip\footins=10.0pt plus 4.0pt minus 2.0pt
* \hoffset=0.0pt
* \voffset=0.0pt
* \mag=1000
* \@twocolumnfalse
* \@twosidefalse
* \@mparswitchfalse
* \@reversemarginfalse
* (1in=72.27pt=25.4mm, 1cm=28.453pt)

(c:/texlive/2021/texmf-dist/tex/context/base/mkii/supp-pdf.mkii
[Loading MPS to PDF converter (version 2006.09.02).]
\scratchcounter=\count339
\scratchdimen=\dimen309
\scratchbox=\box79
\nofMPsegments=\count340
\nofMParguments=\count341
\everyMPshowfont=\toks54
\MPscratchCnt=\count342
\MPscratchDim=\dimen310
\MPnumerator=\count343
\makeMPintoPDFobject=\count344
\everyMPtoPDFconversion=\toks55
) (c:/texlive/2021/texmf-dist/tex/latex/epstopdf-pkg/epstopdf-base.sty
Package: epstopdf-base 2020-01-24 v2.11 Base part for package epstopdf
Package epstopdf-base Info: Redefining graphics rule for `.eps' on input line 4
85.

(c:/texlive/2021/texmf-dist/tex/latex/latexconfig/epstopdf-sys.cfg
File: epstopdf-sys.cfg 2010/07/13 v1.3 Configuration of (r)epstopdf for TeX Liv
e
))
Package hyperref Info: Link coloring OFF on input line 81.

(c:/texlive/2021/texmf-dist/tex/latex/hyperref/nameref.sty
Package: nameref 2021-04-02 v2.47 Cross-referencing by name of section

(c:/texlive/2021/texmf-dist/tex/latex/refcount/refcount.sty
Package: refcount 2019/12/15 v3.6 Data extraction from label references (HO)
)
(c:/texlive/2021/texmf-dist/tex/generic/gettitlestring/gettitlestring.sty
Package: gettitlestring 2019/12/15 v1.6 Cleanup title references (HO)
)
\c@section@level=\count345
)
LaTeX Info: Redefining \ref on input line 81.
LaTeX Info: Redefining \pageref on input line 81.
LaTeX Info: Redefining \nameref on input line 81.

(./intro.out) (./intro.out)
\@outlinefile=\write6
\openout6 = `intro.out'.

\symnumbers=\mathgroup10
\sympureletters=\mathgroup11
LaTeX Font Info:    Overwriting math alphabet `\mathrm' in version `normal'
(Font)                  OT1/Merriwthr-OsF/m/n --> OT1/Merriwthr-OsF/m/n on inpu
t line 81.
LaTeX Font Info:    Redeclaring math alphabet \mathbf on input line 81.
LaTeX Font Info:    Overwriting math alphabet `\mathbf' in version `normal'
(Font)                  OT1/Merriwthr-OsF/sb/n --> OT1/Merriwthr-OsF/b/n on inp
ut line 81.
LaTeX Font Info:    Overwriting math alphabet `\mathbf' in version `bold'
(Font)                  OT1/Merriwthr-OsF/sb/n --> OT1/Merriwthr-OsF/b/n on inp
ut line 81.
LaTeX Font Info:    Redeclaring math alphabet \mathsf on input line 81.
LaTeX Font Info:    Overwriting math alphabet `\mathsf' in version `normal'
(Font)                  OT1/opensans-TLF/m/n --> OT1/opensans-TLF/m/n on input 
line 81.
LaTeX Font Info:    Overwriting math alphabet `\mathsf' in version `bold'
(Font)                  OT1/opensans-TLF/b/n --> OT1/opensans-TLF/m/n on input 
line 81.
LaTeX Font Info:    Redeclaring math alphabet \mathit on input line 81.
LaTeX Font Info:    Overwriting math alphabet `\mathit' in version `normal'
(Font)                  OT1/Merriwthr-OsF/m/it --> OT1/Merriwthr-OsF/m/it on in
put line 81.
LaTeX Font Info:    Overwriting math alphabet `\mathit' in version `bold'
(Font)                  OT1/Merriwthr-OsF/sb/it --> OT1/Merriwthr-OsF/m/it on i
nput line 81.
LaTeX Font Info:    Redeclaring math alphabet \mathtt on input line 81.
LaTeX Font Info:    Overwriting math alphabet `\mathtt' in version `normal'
(Font)                  OT1/cmtt/m/n --> OT1/cmtt/m/n on input line 81.
LaTeX Font Info:    Overwriting math alphabet `\mathtt' in version `bold'
(Font)                  OT1/cmtt/b/n --> OT1/cmtt/m/n on input line 81.
LaTeX Font Info:    Overwriting symbol font `numbers' in version `bold'
(Font)                  OT1/Merriwthr-OsF/m/n --> OT1/Merriwthr-OsF/b/n on inpu
t line 81.
LaTeX Font Info:    Overwriting symbol font `pureletters' in version `bold'
(Font)                  OT1/Merriwthr-OsF/m/it --> OT1/Merriwthr-OsF/b/it on in
put line 81.
LaTeX Font Info:    Overwriting math alphabet `\mathrm' in version `bold'
(Font)                  OT1/Merriwthr-OsF/sb/n --> OT1/Merriwthr-OsF/b/n on inp
ut line 81.
LaTeX Font Info:    Overwriting math alphabet `\mathbf' in version `bold'
(Font)                  OT1/Merriwthr-OsF/b/n --> OT1/Merriwthr-OsF/b/n on inpu
t line 81.
LaTeX Font Info:    Overwriting math alphabet `\mathsf' in version `bold'
(Font)                  OT1/opensans-TLF/m/n --> OT1/opensans-TLF/b/n on input 
line 81.
LaTeX Font Info:    Overwriting math alphabet `\mathit' in version `bold'
(Font)                  OT1/Merriwthr-OsF/m/it --> OT1/Merriwthr-OsF/b/it on in
put line 81.
LaTeX Font Info:    Overwriting math alphabet `\mathtt' in version `bold'
(Font)                  OT1/cmtt/m/n --> OT1/cmtt/b/n on input line 81.

(c:/texlive/2021/texmf-dist/tex/latex/translator/translator-basic-dictionary-En
glish.dict
Dictionary: translator-basic-dictionary, Language: English 
)
(c:/texlive/2021/texmf-dist/tex/latex/translator/translator-bibliography-dictio
nary-English.dict
Dictionary: translator-bibliography-dictionary, Language: English 
)
(c:/texlive/2021/texmf-dist/tex/latex/translator/translator-environment-diction
ary-English.dict
Dictionary: translator-environment-dictionary, Language: English 
)
(c:/texlive/2021/texmf-dist/tex/latex/translator/translator-months-dictionary-E
nglish.dict
Dictionary: translator-months-dictionary, Language: English 
)
(c:/texlive/2021/texmf-dist/tex/latex/translator/translator-numbers-dictionary-
English.dict
Dictionary: translator-numbers-dictionary, Language: English 
)
(c:/texlive/2021/texmf-dist/tex/latex/translator/translator-theorem-dictionary-
English.dict
Dictionary: translator-theorem-dictionary, Language: English 
)
\c@mv@tabular=\count346
\c@mv@boldtabular=\count347
\c@maskedRefs=\count348
 (c:/texlive/2021/texmf-dist/tex/latex/apacite/english.apc
File: english.apc 2013/07/21 v6.03 apacite language file
LaTeX Info: Redefining \BPBI on input line 129.
LaTeX Info: Redefining \BHBI on input line 130.
)
Package caption Info: Begin \AtBeginDocument code.
Package caption Info: End \AtBeginDocument code.

(./intro.nav)
LaTeX Font Info:    Font shape `OT1/opensans-TLF/m/n' will be
(Font)              scaled to size 5.69998pt on input line 81.
LaTeX Font Info:    Font shape `OT1/opensans-TLF/m/n' will be
(Font)              scaled to size 13.67995pt on input line 89.
LaTeX Font Info:    Trying to load font information for OT1+Merriwthr-OsF on in
put line 89.

(c:/texlive/2021/texmf-dist/tex/latex/merriweather/OT1Merriwthr-OsF.fd
File: OT1Merriwthr-OsF.fd 2020/08/30 (autoinst) Font definitions for OT1/Merriw
thr-OsF.
)
LaTeX Font Info:    Font shape `OT1/Merriwthr-OsF/m/n' will be
(Font)              scaled to size 14.4pt on input line 89.
LaTeX Font Info:    Font shape `OT1/Merriwthr-OsF/m/n' will be
(Font)              scaled to size 10.95pt on input line 89.
<images/logoUU.png, id=29, 324.7332pt x 128.1588pt>
File: images/logoUU.png Graphic file (type png)
<use images/logoUU.png>
Package pdftex.def Info: images/logoUU.png  used on input line 89.
(pdftex.def)             Requested size: 227.31169pt x 89.71054pt.

Overfull \hbox (67.06485pt too wide) in paragraph at lines 89--89
 [][] 
 []

LaTeX Font Info:    Font shape `OT1/Merriwthr-OsF/m/n' will be
(Font)              scaled to size 8.0pt on input line 89.
LaTeX Font Info:    Font shape `OT1/Merriwthr-OsF/m/n' will be
(Font)              scaled to size 6.1pt on input line 89.
LaTeX Font Info:    Trying to load font information for U+msa on input line 89.

(c:/texlive/2021/texmf-dist/tex/latex/amsfonts/umsa.fd
File: umsa.fd 2013/01/14 v3.01 AMS symbols A
)
LaTeX Font Info:    Trying to load font information for U+msb on input line 89.


(c:/texlive/2021/texmf-dist/tex/latex/amsfonts/umsb.fd
File: umsb.fd 2013/01/14 v3.01 AMS symbols B
)
LaTeX Font Info:    Trying to load font information for U+ntxmia on input line 
89.

(c:/texlive/2021/texmf-dist/tex/latex/newtx/untxmia.fd
File: untxmia.fd 2018/04/14 Fontinst v1.933 font definitions for U/ntxmia.
)
LaTeX Font Info:    Trying to load font information for U+ntxsym on input line 
89.

(c:/texlive/2021/texmf-dist/tex/latex/newtx/untxsym.fd
File: untxsym.fd 2015/03/20 Fontinst v1.933 font definitions for U/ntxsym.
)
LaTeX Font Info:    Trying to load font information for U+ntxsyc on input line 
89.

(c:/texlive/2021/texmf-dist/tex/latex/newtx/untxsyc.fd
File: untxsyc.fd 2012/04/12 Fontinst v1.933 font definitions for U/ntxsyc.
)
LaTeX Font Info:    Font shape `OT1/Merriwthr-OsF/m/it' will be
(Font)              scaled to size 10.95pt on input line 89.
LaTeX Font Info:    Font shape `OT1/Merriwthr-OsF/m/it' will be
(Font)              scaled to size 8.0pt on input line 89.
LaTeX Font Info:    Font shape `OT1/Merriwthr-OsF/m/it' will be
(Font)              scaled to size 6.1pt on input line 89.
LaTeX Font Info:    Font shape `OT1/opensans-TLF/m/n' will be
(Font)              scaled to size 7.59998pt on input line 89.
 [1

{c:/texlive/2021/texmf-var/fonts/map/pdftex/updmap/pdftex.map} <c:/texlive/texm
f-local/tex/latex/beamer/themes/Utrecht/images/logoUU.png>]
LaTeX Font Info:    Font shape `OT1/opensans-TLF/m/n' will be
(Font)              scaled to size 3.79999pt on input line 109.
<images/watermarkUU.png, id=40, 66.2475pt x 67.2111pt>
File: images/watermarkUU.png Graphic file (type png)
<use images/watermarkUU.png>
Package pdftex.def Info: images/watermarkUU.png  used on input line 109.
(pdftex.def)             Requested size: 98.56534pt x 100.0pt.

Overfull \hbox (0.98723pt too wide) has occurred while \output is active
[][] []
 []

[2

 <c:/texlive/texmf-local/tex/latex/beamer/themes/Utrecht/images/watermarkUU.png
>] (./intro.toc)
File: images/watermarkUU.png Graphic file (type png)
<use images/watermarkUU.png>
Package pdftex.def Info: images/watermarkUU.png  used on input line 115.
(pdftex.def)             Requested size: 98.56534pt x 100.0pt.

Overfull \hbox (0.98723pt too wide) has occurred while \output is active
[][] []
 []

[3

]
LaTeX Font Info:    Font shape `OT1/opensans-TLF/m/n' will be
(Font)              scaled to size 9.49997pt on input line 142.
LaTeX Font Info:    Font shape `OT1/Merriwthr-OsF/m/n' will be
(Font)              scaled to size 10.0pt on input line 142.
LaTeX Font Info:    Font shape `OT1/Merriwthr-OsF/m/n' will be
(Font)              scaled to size 7.3pt on input line 142.
LaTeX Font Info:    Font shape `OT1/Merriwthr-OsF/m/n' will be
(Font)              scaled to size 5.5pt on input line 142.
LaTeX Font Info:    Font shape `OT1/Merriwthr-OsF/m/it' will be
(Font)              scaled to size 10.0pt on input line 142.
LaTeX Font Info:    Font shape `OT1/Merriwthr-OsF/m/it' will be
(Font)              scaled to size 7.3pt on input line 142.
LaTeX Font Info:    Font shape `OT1/Merriwthr-OsF/m/it' will be
(Font)              scaled to size 5.5pt on input line 142.
File: images/watermarkUU.png Graphic file (type png)
<use images/watermarkUU.png>
Package pdftex.def Info: images/watermarkUU.png  used on input line 142.
(pdftex.def)             Requested size: 98.56534pt x 100.0pt.

Overfull \hbox (0.98723pt too wide) has occurred while \output is active
[][] []
 []

[4

]
File: images/watermarkUU.png Graphic file (type png)
<use images/watermarkUU.png>
Package pdftex.def Info: images/watermarkUU.png  used on input line 142.
(pdftex.def)             Requested size: 98.56534pt x 100.0pt.

Overfull \hbox (0.98723pt too wide) has occurred while \output is active
[][] []
 []

[5

]
LaTeX Font Info:    Font shape `OT1/opensans-TLF/m/n' will be
(Font)              scaled to size 5.79498pt on input line 165.
LaTeX Font Info:    Font shape `OT1/opensans-TLF/m/it' will be
(Font)              scaled to size 10.40245pt on input line 165.
File: images/watermarkUU.png Graphic file (type png)
<use images/watermarkUU.png>
Package pdftex.def Info: images/watermarkUU.png  used on input line 165.
(pdftex.def)             Requested size: 98.56534pt x 100.0pt.

Overfull \hbox (0.98723pt too wide) has occurred while \output is active
[][] []
 []

[6

]
LaTeX Font Info:    Font shape `OT1/opensans-TLF/m/n' will be
(Font)              scaled to size 19.70294pt on input line 169.
LaTeX Font Info:    Font shape `OT1/Merriwthr-OsF/m/n' will be
(Font)              scaled to size 20.74pt on input line 169.
LaTeX Font Info:    Font shape `OT1/Merriwthr-OsF/m/sc' will be
(Font)              scaled to size 20.74pt on input line 169.
File: images/watermarkUU.png Graphic file (type png)
<use images/watermarkUU.png>
Package pdftex.def Info: images/watermarkUU.png  used on input line 169.
(pdftex.def)             Requested size: 98.56534pt x 100.0pt.

Overfull \hbox (0.98723pt too wide) has occurred while \output is active
[][] []
 []

[7

]
File: images/watermarkUU.png Graphic file (type png)
<use images/watermarkUU.png>
Package pdftex.def Info: images/watermarkUU.png  used on input line 232.
(pdftex.def)             Requested size: 98.56534pt x 100.0pt.

Overfull \hbox (0.98723pt too wide) has occurred while \output is active
[][] []
 []

[8

]
File: images/watermarkUU.png Graphic file (type png)
<use images/watermarkUU.png>
Package pdftex.def Info: images/watermarkUU.png  used on input line 266.
(pdftex.def)             Requested size: 98.56534pt x 100.0pt.

Overfull \hbox (0.98723pt too wide) has occurred while \output is active
[][] []
 []

[9

]
Overfull \vbox (0.8189pt too high) detected at line 358
 []


Overfull \hbox (0.98723pt too wide) has occurred while \output is active
[][] []
 []

[10

]
LaTeX Font Info:    Font shape `OT1/Merriwthr-OsF/m/sc' will be
(Font)              scaled to size 10.95pt on input line 400.
File: images/watermarkUU.png Graphic file (type png)
<use images/watermarkUU.png>
Package pdftex.def Info: images/watermarkUU.png  used on input line 400.
(pdftex.def)             Requested size: 98.56534pt x 100.0pt.

Overfull \hbox (0.98723pt too wide) has occurred while \output is active
[][] []
 []

[11

]
File: images/watermarkUU.png Graphic file (type png)
<use images/watermarkUU.png>
Package pdftex.def Info: images/watermarkUU.png  used on input line 400.
(pdftex.def)             Requested size: 98.56534pt x 100.0pt.

Overfull \hbox (0.98723pt too wide) has occurred while \output is active
[][] []
 []

[12


]
File: images/watermarkUU.png Graphic file (type png)
<use images/watermarkUU.png>
Package pdftex.def Info: images/watermarkUU.png  used on input line 463.
(pdftex.def)             Requested size: 98.56534pt x 100.0pt.

Overfull \hbox (0.98723pt too wide) has occurred while \output is active
[][] []
 []

[13

]
File: images/watermarkUU.png Graphic file (type png)
<use images/watermarkUU.png>
Package pdftex.def Info: images/watermarkUU.png  used on input line 463.
(pdftex.def)             Requested size: 98.56534pt x 100.0pt.

Overfull \hbox (0.98723pt too wide) has occurred while \output is active
[][] []
 []

[14


]
File: images/watermarkUU.png Graphic file (type png)
<use images/watermarkUU.png>
Package pdftex.def Info: images/watermarkUU.png  used on input line 463.
(pdftex.def)             Requested size: 98.56534pt x 100.0pt.

Overfull \hbox (0.98723pt too wide) has occurred while \output is active
[][] []
 []

[15


]
File: images/watermarkUU.png Graphic file (type png)
<use images/watermarkUU.png>
Package pdftex.def Info: images/watermarkUU.png  used on input line 463.
(pdftex.def)             Requested size: 98.56534pt x 100.0pt.

Overfull \hbox (0.98723pt too wide) has occurred while \output is active
[][] []
 []

[16


]
Overfull \hbox (0.98723pt too wide) has occurred while \output is active
[][] []
 []

[17

]
Overfull \hbox (0.98723pt too wide) has occurred while \output is active
[][] []
 []

[18

]
File: images/watermarkUU.png Graphic file (type png)
<use images/watermarkUU.png>
Package pdftex.def Info: images/watermarkUU.png  used on input line 569.
(pdftex.def)             Requested size: 98.56534pt x 100.0pt.

Overfull \hbox (0.98723pt too wide) has occurred while \output is active
[][] []
 []

[19

]
File: images/watermarkUU.png Graphic file (type png)
<use images/watermarkUU.png>
Package pdftex.def Info: images/watermarkUU.png  used on input line 609.
(pdftex.def)             Requested size: 98.56534pt x 100.0pt.

Overfull \hbox (0.98723pt too wide) has occurred while \output is active
[][] []
 []

[20

]
\openout4 = `intro.vrb'.

 (./intro.vrb
LaTeX Font Info:    Font shape `OT1/opensans-TLF/m/n' will be
(Font)              scaled to size 8.54997pt on input line 3.
LaTeX Font Info:    Font shape `OT1/cmtt/bx/n' in size <9> not available
(Font)              Font shape `OT1/cmtt/m/n' tried instead on input line 12.
)
Overfull \hbox (0.98723pt too wide) has occurred while \output is active
[][] []
 []

[21

]
\openout4 = `intro.vrb'.

 (./intro.vrb
<figure/intro-unnamed-chunk-12-1.pdf, id=159, 505.89pt x 505.89pt>
File: figure/intro-unnamed-chunk-12-1.pdf Graphic file (type pdf)
<use figure/intro-unnamed-chunk-12-1.pdf>
Package pdftex.def Info: figure/intro-unnamed-chunk-12-1.pdf  used on input lin
e 25.
(pdftex.def)             Requested size: 208.31894pt x 208.31938pt.
)
Overfull \hbox (0.98723pt too wide) has occurred while \output is active
[][] []
 []

[22

]
Overfull \hbox (0.98723pt too wide) has occurred while \output is active
[][] []
 []

[23


 <./figure/intro-unnamed-chunk-12-1.pdf>]
\openout4 = `intro.vrb'.

 (./intro.vrb
<figure/intro-unnamed-chunk-14-1.pdf, id=176, 505.89pt x 505.89pt>
File: figure/intro-unnamed-chunk-14-1.pdf Graphic file (type pdf)
<use figure/intro-unnamed-chunk-14-1.pdf>
Package pdftex.def Info: figure/intro-unnamed-chunk-14-1.pdf  used on input lin
e 30.
(pdftex.def)             Requested size: 208.31894pt x 208.31938pt.
)
Overfull \hbox (0.98723pt too wide) has occurred while \output is active
[][] []
 []

[24

]
Overfull \hbox (0.98723pt too wide) has occurred while \output is active
[][] []
 []

[25


 <./figure/intro-unnamed-chunk-14-1.pdf>]
\openout4 = `intro.vrb'.

 (./intro.vrb
<figure/intro-unnamed-chunk-16-1.pdf, id=193, 505.89pt x 505.89pt>
File: figure/intro-unnamed-chunk-16-1.pdf Graphic file (type pdf)
<use figure/intro-unnamed-chunk-16-1.pdf>
Package pdftex.def Info: figure/intro-unnamed-chunk-16-1.pdf  used on input lin
e 30.
(pdftex.def)             Requested size: 208.31894pt x 208.31938pt.
)
Overfull \hbox (0.98723pt too wide) has occurred while \output is active
[][] []
 []

[26

]
Overfull \hbox (0.98723pt too wide) has occurred while \output is active
[][] []
 []

[27


 <./figure/intro-unnamed-chunk-16-1.pdf>]
\openout4 = `intro.vrb'.

 (./intro.vrb)
Overfull \hbox (0.98723pt too wide) has occurred while \output is active
[][] []
 []

[28

] (./intro.vrb)
Overfull \hbox (0.98723pt too wide) has occurred while \output is active
[][] []
 []

[29

] (./intro.vrb)
Overfull \hbox (0.98723pt too wide) has occurred while \output is active
[][] []
 []

[30

]
<figure/intro-unnamed-chunk-18-1.pdf, id=224, 505.89pt x 505.89pt>
File: figure/intro-unnamed-chunk-18-1.pdf Graphic file (type pdf)
<use figure/intro-unnamed-chunk-18-1.pdf>
Package pdftex.def Info: figure/intro-unnamed-chunk-18-1.pdf  used on input lin
e 827.
(pdftex.def)             Requested size: 160.24684pt x 160.2439pt.
<figure/intro-unnamed-chunk-19-1.pdf, id=225, 505.89pt x 505.89pt>
File: figure/intro-unnamed-chunk-19-1.pdf Graphic file (type pdf)
<use figure/intro-unnamed-chunk-19-1.pdf>
Package pdftex.def Info: figure/intro-unnamed-chunk-19-1.pdf  used on input lin
e 827.
(pdftex.def)             Requested size: 160.24684pt x 160.2439pt.

Overfull \hbox (0.98723pt too wide) has occurred while \output is active
[][] []
 []

[31

 <./figure/intro-unnamed-chunk-18-1.pdf> <./figure/intro-unnamed-chunk-19-1.pdf
>]
LaTeX Font Info:    Font shape `OT1/Merriwthr-OsF/b/n' will be
(Font)              scaled to size 10.95pt on input line 866.
LaTeX Font Info:    Font shape `OT1/Merriwthr-OsF/b/n' will be
(Font)              scaled to size 8.0pt on input line 866.
LaTeX Font Info:    Font shape `OT1/Merriwthr-OsF/b/n' will be
(Font)              scaled to size 6.1pt on input line 866.
LaTeX Font Info:    Font shape `OT1/Merriwthr-OsF/b/n' will be
(Font)              scaled to size 10.0pt on input line 866.
LaTeX Font Info:    Font shape `OT1/Merriwthr-OsF/b/n' will be
(Font)              scaled to size 7.3pt on input line 866.
LaTeX Font Info:    Font shape `OT1/Merriwthr-OsF/b/n' will be
(Font)              scaled to size 5.5pt on input line 866.
File: images/watermarkUU.png Graphic file (type png)
<use images/watermarkUU.png>
Package pdftex.def Info: images/watermarkUU.png  used on input line 866.
(pdftex.def)             Requested size: 98.56534pt x 100.0pt.

Overfull \hbox (0.98723pt too wide) has occurred while \output is active
[][] []
 []

[32

]
File: images/watermarkUU.png Graphic file (type png)
<use images/watermarkUU.png>
Package pdftex.def Info: images/watermarkUU.png  used on input line 866.
(pdftex.def)             Requested size: 98.56534pt x 100.0pt.

Overfull \hbox (0.98723pt too wide) has occurred while \output is active
[][] []
 []

[33


]
\openout4 = `intro.vrb'.

 (./intro.vrb)
File: images/watermarkUU.png Graphic file (type png)
<use images/watermarkUU.png>
Package pdftex.def Info: images/watermarkUU.png  used on input line 890.
(pdftex.def)             Requested size: 98.56534pt x 100.0pt.

Overfull \hbox (0.98723pt too wide) has occurred while \output is active
[][] []
 []

[34

]
\openout4 = `intro.vrb'.

 (./intro.vrb)
File: images/watermarkUU.png Graphic file (type png)
<use images/watermarkUU.png>
Package pdftex.def Info: images/watermarkUU.png  used on input line 920.
(pdftex.def)             Requested size: 98.56534pt x 100.0pt.

Overfull \hbox (0.98723pt too wide) has occurred while \output is active
[][] []
 []

[35

]
\openout4 = `intro.vrb'.

 (./intro.vrb)
File: images/watermarkUU.png Graphic file (type png)
<use images/watermarkUU.png>
Package pdftex.def Info: images/watermarkUU.png  used on input line 950.
(pdftex.def)             Requested size: 98.56534pt x 100.0pt.

Overfull \hbox (0.98723pt too wide) has occurred while \output is active
[][] []
 []

[36

]
\openout4 = `intro.vrb'.

 (./intro.vrb)
File: images/watermarkUU.png Graphic file (type png)
<use images/watermarkUU.png>
Package pdftex.def Info: images/watermarkUU.png  used on input line 980.
(pdftex.def)             Requested size: 98.56534pt x 100.0pt.

Overfull \hbox (0.98723pt too wide) has occurred while \output is active
[][] []
 []

[37

]
\openout4 = `intro.vrb'.

 (./intro.vrb)
File: images/watermarkUU.png Graphic file (type png)
<use images/watermarkUU.png>
Package pdftex.def Info: images/watermarkUU.png  used on input line 1010.
(pdftex.def)             Requested size: 98.56534pt x 100.0pt.

Overfull \hbox (0.98723pt too wide) has occurred while \output is active
[][] []
 []

[38

]
\openout4 = `intro.vrb'.

 (./intro.vrb)
File: images/watermarkUU.png Graphic file (type png)
<use images/watermarkUU.png>
Package pdftex.def Info: images/watermarkUU.png  used on input line 1039.
(pdftex.def)             Requested size: 98.56534pt x 100.0pt.

Overfull \hbox (0.98723pt too wide) has occurred while \output is active
[][] []
 []

[39

]
\openout4 = `intro.vrb'.

 (./intro.vrb)
File: images/watermarkUU.png Graphic file (type png)
<use images/watermarkUU.png>
Package pdftex.def Info: images/watermarkUU.png  used on input line 1069.
(pdftex.def)             Requested size: 98.56534pt x 100.0pt.

Overfull \hbox (0.98723pt too wide) has occurred while \output is active
[][] []
 []

[40

]
\openout4 = `intro.vrb'.

 (./intro.vrb)
File: images/watermarkUU.png Graphic file (type png)
<use images/watermarkUU.png>
Package pdftex.def Info: images/watermarkUU.png  used on input line 1091.
(pdftex.def)             Requested size: 98.56534pt x 100.0pt.

Overfull \hbox (0.98723pt too wide) has occurred while \output is active
[][] []
 []

[41

]
\openout4 = `intro.vrb'.

 (./intro.vrb)
File: images/watermarkUU.png Graphic file (type png)
<use images/watermarkUU.png>
Package pdftex.def Info: images/watermarkUU.png  used on input line 1113.
(pdftex.def)             Requested size: 98.56534pt x 100.0pt.

Overfull \hbox (0.98723pt too wide) has occurred while \output is active
[][] []
 []

[42

]
\openout4 = `intro.vrb'.

 (./intro.vrb)
File: images/watermarkUU.png Graphic file (type png)
<use images/watermarkUU.png>
Package pdftex.def Info: images/watermarkUU.png  used on input line 1135.
(pdftex.def)             Requested size: 98.56534pt x 100.0pt.

Overfull \hbox (0.98723pt too wide) has occurred while \output is active
[][] []
 []

[43

]
\openout4 = `intro.vrb'.

 (./intro.vrb)
File: images/watermarkUU.png Graphic file (type png)
<use images/watermarkUU.png>
Package pdftex.def Info: images/watermarkUU.png  used on input line 1162.
(pdftex.def)             Requested size: 98.56534pt x 100.0pt.

Overfull \hbox (0.98723pt too wide) has occurred while \output is active
[][] []
 []

[44

]
\openout4 = `intro.vrb'.

 (./intro.vrb)
File: images/watermarkUU.png Graphic file (type png)
<use images/watermarkUU.png>
Package pdftex.def Info: images/watermarkUU.png  used on input line 1191.
(pdftex.def)             Requested size: 98.56534pt x 100.0pt.

Overfull \hbox (0.98723pt too wide) has occurred while \output is active
[][] []
 []

[45

]
File: images/watermarkUU.png Graphic file (type png)
<use images/watermarkUU.png>
Package pdftex.def Info: images/watermarkUU.png  used on input line 1195.
(pdftex.def)             Requested size: 98.56534pt x 100.0pt.

Overfull \hbox (0.98723pt too wide) has occurred while \output is active
[][] []
 []

[46

]
File: images/watermarkUU.png Graphic file (type png)
<use images/watermarkUU.png>
Package pdftex.def Info: images/watermarkUU.png  used on input line 1221.
(pdftex.def)             Requested size: 98.56534pt x 100.0pt.

Overfull \hbox (0.98723pt too wide) has occurred while \output is active
[][] []
 []

[47

]
<figure/intro-unnamed-chunk-32-1.pdf, id=333, 505.89pt x 505.89pt>
File: figure/intro-unnamed-chunk-32-1.pdf Graphic file (type pdf)
<use figure/intro-unnamed-chunk-32-1.pdf>
Package pdftex.def Info: figure/intro-unnamed-chunk-32-1.pdf  used on input lin
e 1300.
(pdftex.def)             Requested size: 160.24684pt x 160.2439pt.

Overfull \hbox (0.98723pt too wide) has occurred while \output is active
[][] []
 []

[48

 <./figure/intro-unnamed-chunk-32-1.pdf>]
<figure/intro-unnamed-chunk-33-1.pdf, id=344, 505.89pt x 505.89pt>
File: figure/intro-unnamed-chunk-33-1.pdf Graphic file (type pdf)
<use figure/intro-unnamed-chunk-33-1.pdf>
Package pdftex.def Info: figure/intro-unnamed-chunk-33-1.pdf  used on input lin
e 1300.
(pdftex.def)             Requested size: 160.24684pt x 160.2439pt.

Overfull \hbox (0.98723pt too wide) has occurred while \output is active
[][] []
 []

[49

 <./figure/intro-unnamed-chunk-33-1.pdf>]
<figure/intro-unnamed-chunk-34-1.pdf, id=356, 505.89pt x 505.89pt>
File: figure/intro-unnamed-chunk-34-1.pdf Graphic file (type pdf)
<use figure/intro-unnamed-chunk-34-1.pdf>
Package pdftex.def Info: figure/intro-unnamed-chunk-34-1.pdf  used on input lin
e 1300.
(pdftex.def)             Requested size: 160.24684pt x 160.2439pt.

Overfull \hbox (0.98723pt too wide) has occurred while \output is active
[][] []
 []

[50

 <./figure/intro-unnamed-chunk-34-1.pdf>]
<figure/intro-unnamed-chunk-35-1.pdf, id=367, 505.89pt x 505.89pt>
File: figure/intro-unnamed-chunk-35-1.pdf Graphic file (type pdf)
<use figure/intro-unnamed-chunk-35-1.pdf>
Package pdftex.def Info: figure/intro-unnamed-chunk-35-1.pdf  used on input lin
e 1300.
(pdftex.def)             Requested size: 160.24684pt x 160.2439pt.

Overfull \hbox (0.98723pt too wide) has occurred while \output is active
[][] []
 []

[51

 <./figure/intro-unnamed-chunk-35-1.pdf>]
<figure/intro-unnamed-chunk-36-1.pdf, id=378, 505.89pt x 505.89pt>
File: figure/intro-unnamed-chunk-36-1.pdf Graphic file (type pdf)
<use figure/intro-unnamed-chunk-36-1.pdf>
Package pdftex.def Info: figure/intro-unnamed-chunk-36-1.pdf  used on input lin
e 1353.
(pdftex.def)             Requested size: 160.24684pt x 160.2439pt.

Overfull \hbox (0.98723pt too wide) has occurred while \output is active
[][] []
 []

[52

 <./figure/intro-unnamed-chunk-36-1.pdf>]
<figure/intro-unnamed-chunk-37-1.pdf, id=389, 505.89pt x 505.89pt>
File: figure/intro-unnamed-chunk-37-1.pdf Graphic file (type pdf)
<use figure/intro-unnamed-chunk-37-1.pdf>
Package pdftex.def Info: figure/intro-unnamed-chunk-37-1.pdf  used on input lin
e 1353.
(pdftex.def)             Requested size: 160.24684pt x 160.2439pt.

Overfull \hbox (0.98723pt too wide) has occurred while \output is active
[][] []
 []

[53

 <./figure/intro-unnamed-chunk-37-1.pdf>]
<figure/intro-unnamed-chunk-38-1.pdf, id=400, 505.89pt x 505.89pt>
File: figure/intro-unnamed-chunk-38-1.pdf Graphic file (type pdf)
<use figure/intro-unnamed-chunk-38-1.pdf>
Package pdftex.def Info: figure/intro-unnamed-chunk-38-1.pdf  used on input lin
e 1406.
(pdftex.def)             Requested size: 160.24684pt x 160.2439pt.

Overfull \hbox (0.98723pt too wide) has occurred while \output is active
[][] []
 []

[54

 <./figure/intro-unnamed-chunk-38-1.pdf>]
<figure/intro-unnamed-chunk-39-1.pdf, id=411, 505.89pt x 505.89pt>
File: figure/intro-unnamed-chunk-39-1.pdf Graphic file (type pdf)
<use figure/intro-unnamed-chunk-39-1.pdf>
Package pdftex.def Info: figure/intro-unnamed-chunk-39-1.pdf  used on input lin
e 1406.
(pdftex.def)             Requested size: 160.24684pt x 160.2439pt.

Overfull \hbox (0.98723pt too wide) has occurred while \output is active
[][] []
 []

[55

 <./figure/intro-unnamed-chunk-39-1.pdf>]
Overfull \hbox (0.98723pt too wide) has occurred while \output is active
[][] []
 []

[56

]
Overfull \hbox (0.98723pt too wide) has occurred while \output is active
[][] []
 []

[57

]
<figure/intro-unnamed-chunk-41-1.pdf, id=435, 505.89pt x 252.945pt>
File: figure/intro-unnamed-chunk-41-1.pdf Graphic file (type pdf)
<use figure/intro-unnamed-chunk-41-1.pdf>
Package pdftex.def Info: figure/intro-unnamed-chunk-41-1.pdf  used on input lin
e 1494.
(pdftex.def)             Requested size: 320.4937pt x 160.24776pt.

Overfull \hbox (0.98723pt too wide) has occurred while \output is active
[][] []
 []

[58

 <./figure/intro-unnamed-chunk-41-1.pdf>]
<figure/intro-unnamed-chunk-42-1.pdf, id=449, 505.89pt x 252.945pt>
File: figure/intro-unnamed-chunk-42-1.pdf Graphic file (type pdf)
<use figure/intro-unnamed-chunk-42-1.pdf>
Package pdftex.def Info: figure/intro-unnamed-chunk-42-1.pdf  used on input lin
e 1494.
(pdftex.def)             Requested size: 320.4937pt x 160.24776pt.

Overfull \hbox (0.98723pt too wide) has occurred while \output is active
[][] []
 []

[59

 <./figure/intro-unnamed-chunk-42-1.pdf>]
<figure/intro-unnamed-chunk-43-1.pdf, id=463, 505.89pt x 505.89pt>
File: figure/intro-unnamed-chunk-43-1.pdf Graphic file (type pdf)
<use figure/intro-unnamed-chunk-43-1.pdf>
Package pdftex.def Info: figure/intro-unnamed-chunk-43-1.pdf  used on input lin
e 1566.
(pdftex.def)             Requested size: 160.24684pt x 160.2439pt.

Overfull \vbox (105.80435pt too high) detected at line 1566
 []


Overfull \hbox (0.98723pt too wide) has occurred while \output is active
[][] []
 []

[60

 <./figure/intro-unnamed-chunk-43-1.pdf>]
<figure/intro-unnamed-chunk-44-1.pdf, id=472, 505.89pt x 505.89pt>
File: figure/intro-unnamed-chunk-44-1.pdf Graphic file (type pdf)
<use figure/intro-unnamed-chunk-44-1.pdf>
Package pdftex.def Info: figure/intro-unnamed-chunk-44-1.pdf  used on input lin
e 1566.
(pdftex.def)             Requested size: 160.24684pt x 160.2439pt.

Overfull \hbox (0.98723pt too wide) has occurred while \output is active
[][] []
 []

[61

 <./figure/intro-unnamed-chunk-44-1.pdf>]
LaTeX Font Info:    Font shape `OT1/opensans-TLF/m/it' will be
(Font)              scaled to size 9.49997pt on input line 1586.
File: images/watermarkUU.png Graphic file (type png)
<use images/watermarkUU.png>
Package pdftex.def Info: images/watermarkUU.png  used on input line 1586.
(pdftex.def)             Requested size: 98.56534pt x 100.0pt.

Overfull \hbox (0.98723pt too wide) has occurred while \output is active
[][] []
 []

[62

]
File: images/watermarkUU.png Graphic file (type png)
<use images/watermarkUU.png>
Package pdftex.def Info: images/watermarkUU.png  used on input line 1592.
(pdftex.def)             Requested size: 98.56534pt x 100.0pt.

Overfull \hbox (0.98723pt too wide) has occurred while \output is active
[][] []
 []

[63

]
File: images/watermarkUU.png Graphic file (type png)
<use images/watermarkUU.png>
Package pdftex.def Info: images/watermarkUU.png  used on input line 1617.
(pdftex.def)             Requested size: 98.56534pt x 100.0pt.

Overfull \hbox (0.98723pt too wide) has occurred while \output is active
[][] []
 []

[64

]
\openout4 = `intro.vrb'.

 (./intro.vrb
<figure/intro-unnamed-chunk-47-1.pdf, id=497, 505.89pt x 505.89pt>
File: figure/intro-unnamed-chunk-47-1.pdf Graphic file (type pdf)
<use figure/intro-unnamed-chunk-47-1.pdf>
Package pdftex.def Info: figure/intro-unnamed-chunk-47-1.pdf  used on input lin
e 64.
(pdftex.def)             Requested size: 208.31894pt x 208.31938pt.
)
Overfull \hbox (0.98723pt too wide) has occurred while \output is active
[][] []
 []

[65

]
Overfull \hbox (0.98723pt too wide) has occurred while \output is active
[][] []
 []

[66


]
Overfull \hbox (0.98723pt too wide) has occurred while \output is active
[][] []
 []

[67


]
Overfull \vbox (20.87984pt too high) detected at line 1695
 []


Overfull \hbox (0.98723pt too wide) has occurred while \output is active
[][] []
 []

[68


 <./figure/intro-unnamed-chunk-47-1.pdf>]
\openout4 = `intro.vrb'.

 (./intro.vrb)
Overfull \hbox (0.98723pt too wide) has occurred while \output is active
[][] []
 []

[69

]
\openout4 = `intro.vrb'.

 (./intro.vrb
<figure/intro-unnamed-chunk-50-1.pdf, id=527, 505.89pt x 505.89pt>
File: figure/intro-unnamed-chunk-50-1.pdf Graphic file (type pdf)
<use figure/intro-unnamed-chunk-50-1.pdf>
Package pdftex.def Info: figure/intro-unnamed-chunk-50-1.pdf  used on input lin
e 38.
(pdftex.def)             Requested size: 208.31894pt x 208.31938pt.
)
LaTeX Font Info:    Font shape `OT1/Merriwthr-OsF/m/it' will be
(Font)              scaled to size 14.4pt on input line 1779.

Overfull \hbox (0.98723pt too wide) has occurred while \output is active
[][] []
 []

[70

]
Overfull \hbox (0.98723pt too wide) has occurred while \output is active
[][] []
 []

[71


]
Overfull \vbox (40.87984pt too high) detected at line 1779
 []


Overfull \hbox (0.98723pt too wide) has occurred while \output is active
[][] []
 []

[72


 <./figure/intro-unnamed-chunk-50-1.pdf>]
LaTeX Font Info:    Font shape `OT1/Merriwthr-OsF/b/n' will be
(Font)              scaled to size 6.2pt on input line 1823.
File: images/watermarkUU.png Graphic file (type png)
<use images/watermarkUU.png>
Package pdftex.def Info: images/watermarkUU.png  used on input line 1823.
(pdftex.def)             Requested size: 98.56534pt x 100.0pt.

Overfull \hbox (0.98723pt too wide) has occurred while \output is active
[][] []
 []

[73

]
File: images/watermarkUU.png Graphic file (type png)
<use images/watermarkUU.png>
Package pdftex.def Info: images/watermarkUU.png  used on input line 1823.
(pdftex.def)             Requested size: 98.56534pt x 100.0pt.

Overfull \hbox (0.98723pt too wide) has occurred while \output is active
[][] []
 []

[74


] (./intro.bbl)
File: images/watermarkUU.png Graphic file (type png)
<use images/watermarkUU.png>
Package pdftex.def Info: images/watermarkUU.png  used on input line 1832.
(pdftex.def)             Requested size: 98.56534pt x 100.0pt.

Overfull \hbox (0.98723pt too wide) has occurred while \output is active
[][] []
 []

[75

]
\tf@nav=\write7
\openout7 = `intro.nav'.

\tf@toc=\write8
\openout8 = `intro.toc'.

\tf@snm=\write9
\openout9 = `intro.snm'.

 (./intro.aux)
Package rerunfilecheck Info: File `intro.out' has not changed.
(rerunfilecheck)             Checksum: 3BC0891147BF61547F798744530C15DC;595.
 ) 
Here is how much of TeX's memory you used:
 26900 strings out of 478579
 481367 string characters out of 5857458
 759662 words of memory out of 5000000
 43962 multiletter control sequences out of 15000+600000
 554790 words of font info for 184 fonts, out of 8000000 for 9000
 1141 hyphenation exceptions out of 8191
 128i,15n,124p,474b,921s stack positions out of 5000i,500n,10000p,200000b,80000s
{c:/texlive/2021/texmf-dist/fonts/enc/dvips/merriweather/merriwthr_jjwbah.enc
}{c:/texlive/2021/texmf-dist/fonts/enc/dvips/merriweather/merriwthr_okb76x.enc}
{c:/texlive/2021/texmf-dist/fonts/enc/dvips/opensans/a_iz27ck.enc}{c:/texlive/2
021/texmf-dist/fonts/enc/dvips/opensans/a_n3lhbv.enc}<c:/texlive/2021/texmf-dis
t/fonts/type1/public/newtx/LibertineMathMI.pfb><c:/texlive/2021/texmf-dist/font
s/type1/sorkin/merriweather/Merriwthr-Bold.pfb><c:/texlive/2021/texmf-dist/font
s/type1/sorkin/merriweather/Merriwthr-Italic.pfb><c:/texlive/2021/texmf-dist/fo
nts/type1/sorkin/merriweather/Merriwthr-Regular.pfb><c:/texlive/2021/texmf-dist
/fonts/type1/ascender/opensans/OpenSans-Italic.pfb><c:/texlive/2021/texmf-dist/
fonts/type1/ascender/opensans/OpenSans-Regular.pfb><c:/texlive/2021/texmf-dist/
fonts/type1/public/amsfonts/cm/cmitt10.pfb><c:/texlive/2021/texmf-dist/fonts/ty
pe1/public/amsfonts/cm/cmtt9.pfb><c:/texlive/2021/texmf-dist/fonts/type1/public
/amsfonts/latxfont/lcircle1.pfb><c:/texlive/2021/texmf-dist/fonts/type1/public/
newtx/txexs.pfb><c:/texlive/2021/texmf-dist/fonts/type1/public/newtx/txmiaX.pfb
><c:/texlive/2021/texmf-dist/fonts/type1/public/txfonts/txsyc.pfb><c:/texlive/2
021/texmf-dist/fonts/type1/public/newtx/txsys.pfb>
Output written on intro.pdf (75 pages, 838222 bytes).
PDF statistics:
 662 PDF objects out of 1000 (max. 8388607)
 504 compressed objects within 6 object streams
 156 named destinations out of 1000 (max. 500000)
 180 words of extra memory for PDF output out of 10000 (max. 10000000)

